SF:lib/src/open_meteo_api_client.dart
DA:24,2
DA:32,1
DA:33,1
DA:36,1
DA:39,2
DA:41,2
DA:42,1
DA:45,2
DA:47,2
DA:49,1
DA:51,2
DA:53,2
DA:57,1
DA:61,1
DA:62,3
DA:64,2
DA:66,2
DA:67,1
DA:70,2
DA:72,1
DA:73,1
DA:76,1
DA:78,1
LF:23
LH:23
end_of_record
SF:lib/src/models/location.dart
DA:7,2
DA:14,4
LF:2
LH:2
end_of_record
SF:lib/src/models/location.g.dart
DA:11,4
DA:14,2
DA:15,2
DA:16,4
DA:17,4
DA:18,6
DA:19,6
LF:7
LH:7
end_of_record
SF:lib/src/models/weather.dart
DA:7,2
DA:9,4
LF:2
LH:2
end_of_record
SF:lib/src/models/weather.g.dart
DA:11,4
DA:14,2
DA:15,2
DA:17,6
DA:19,6
LF:5
LH:5
end_of_record
