SF:lib/theme/cubit/theme_cubit.dart
DA:7,2
DA:11,1
DA:12,2
DA:15,1
DA:17,3
DA:20,1
DA:22,3
DA:27,1
DA:28,1
DA:29,1
DA:31,1
DA:33,1
DA:35,1
DA:37,1
LF:14
LH:14
end_of_record
SF:lib/weather/models/weather.dart
DA:11,2
DA:12,6
DA:17,10
DA:19,2
DA:23,4
DA:25,1
DA:26,2
DA:31,4
DA:38,2
DA:40,1
DA:41,1
DA:42,1
DA:43,1
DA:44,1
DA:45,2
DA:49,9
DA:51,3
DA:61,1
DA:62,5
DA:64,4
DA:66,2
DA:72,2
DA:73,1
DA:74,2
DA:75,2
DA:76,1
LF:26
LH:26
end_of_record
SF:lib/weather/models/weather.g.dart
DA:9,2
DA:12,1
DA:13,1
DA:14,3
DA:20,2
DA:21,2
DA:22,2
DA:25,2
DA:28,1
DA:29,1
DA:30,1
DA:31,2
DA:32,1
DA:33,2
DA:34,2
DA:35,1
DA:36,2
DA:43,4
DA:44,4
DA:45,4
DA:46,2
DA:47,4
LF:22
LH:22
end_of_record
SF:lib/settings/view/settings_page.dart
DA:6,8
DA:8,1
DA:9,1
DA:10,0
DA:17,0
DA:19,0
DA:20,0
DA:21,0
DA:22,0
DA:23,0
DA:24,0
DA:25,0
DA:26,0
DA:32,0
DA:33,0
DA:34,0
LF:16
LH:3
end_of_record
SF:lib/weather/cubit/weather_cubit.dart
DA:11,6
DA:15,1
DA:16,1
DA:18,3
DA:21,1
DA:22,2
DA:24,2
DA:25,6
DA:27,1
DA:28,2
DA:31,2
DA:34,1
DA:35,3
DA:39,1
DA:40,3
DA:41,4
DA:43,1
DA:44,5
DA:46,2
DA:47,6
DA:49,1
DA:50,2
DA:53,2
DA:56,1
DA:57,2
DA:61,1
DA:62,3
DA:64,3
DA:65,3
DA:69,2
DA:70,2
DA:71,1
DA:72,5
DA:73,1
DA:74,2
DA:76,2
DA:82,1
DA:83,1
DA:85,2
DA:86,2
DA:90,4
DA:91,4
LF:42
LH:42
end_of_record
SF:lib/weather/cubit/weather_state.dart
DA:6,0
DA:7,0
DA:8,4
DA:9,0
DA:14,3
DA:18,3
DA:20,2
DA:26,1
DA:31,1
DA:32,1
DA:33,1
DA:34,1
DA:38,4
DA:40,1
DA:41,4
LF:15
LH:12
end_of_record
SF:lib/weather/cubit/weather_cubit.g.dart
DA:9,1
DA:10,1
DA:13,1
DA:14,1
DA:15,1
DA:17,1
DA:18,1
DA:20,1
DA:22,1
DA:23,1
DA:25,1
DA:27,1
DA:29,1
DA:36,2
DA:37,2
DA:38,4
DA:39,4
DA:41,4
LF:18
LH:18
end_of_record
SF:lib/weather/view/weather_page.dart
DA:8,9
DA:10,1
DA:12,1
DA:14,1
DA:15,3
LF:5
LH:5
end_of_record
SF:lib/weather/view/weather_view.dart
DA:9,9
DA:11,2
DA:12,2
DA:16,2
DA:18,2
DA:19,2
DA:21,2
DA:22,2
DA:23,2
DA:25,1
DA:26,2
DA:27,1
DA:28,1
DA:35,2
DA:36,2
DA:37,1
DA:38,2
DA:39,3
DA:42,2
DA:43,2
DA:44,2
DA:48,1
DA:52,1
DA:53,1
DA:54,1
DA:55,1
DA:56,1
DA:57,1
DA:58,2
DA:61,1
DA:69,2
DA:70,2
DA:72,1
DA:73,3
DA:74,1
DA:75,2
LF:36
LH:36
end_of_record
SF:lib/weather/widgets/weather_empty.dart
DA:4,9
DA:6,3
DA:8,3
DA:9,3
DA:11,3
DA:13,3
DA:14,3
DA:16,6
LF:8
LH:8
end_of_record
SF:lib/weather/widgets/weather_error.dart
DA:4,9
DA:6,2
DA:8,2
DA:9,2
DA:11,2
DA:13,2
DA:15,4
LF:7
LH:7
end_of_record
SF:lib/weather/widgets/weather_loading.dart
DA:4,9
DA:6,2
DA:8,2
DA:9,2
DA:11,2
DA:13,2
DA:14,2
DA:16,4
LF:8
LH:8
end_of_record
SF:lib/weather/widgets/weather_populated.dart
DA:7,2
DA:18,2
DA:20,2
DA:21,2
DA:22,2
DA:23,2
DA:24,2
DA:25,2
DA:26,2
DA:29,2
DA:30,2
DA:31,2
DA:33,6
DA:34,2
DA:35,4
DA:36,6
DA:40,2
DA:41,6
DA:42,6
DA:46,2
DA:47,10
DA:60,2
DA:66,2
DA:68,2
DA:69,2
DA:70,4
DA:77,2
DA:79,2
DA:81,2
DA:83,2
DA:85,2
DA:87,2
DA:94,2
DA:96,4
DA:97,2
DA:98,2
DA:99,2
DA:100,2
DA:104,2
DA:106,2
DA:107,2
DA:108,2
DA:118,2
DA:120,6
DA:123,2
DA:124,2
DA:125,2
DA:126,12
DA:127,12
DA:128,12
DA:134,2
DA:135,10
LF:52
LH:52
end_of_record
SF:lib/search/view/search_page.dart
DA:4,10
DA:6,1
DA:7,1
DA:10,1
DA:11,1
DA:17,3
DA:19,1
DA:21,2
DA:22,1
DA:25,1
DA:27,1
DA:28,1
DA:29,1
DA:30,1
DA:31,1
DA:32,1
DA:34,1
DA:35,1
DA:43,1
DA:46,1
DA:47,3
LF:21
LH:21
end_of_record
