SF:lib/theme/cubit/theme_cubit.dart
DA:7,2
DA:11,1
DA:12,2
DA:15,1
DA:17,3
DA:20,1
DA:22,3
DA:27,1
DA:28,1
DA:29,1
DA:31,1
DA:33,1
DA:35,1
DA:37,1
LF:14
LH:14
end_of_record
SF:lib/weather/models/weather.dart
DA:11,2
DA:12,12
DA:17,14
DA:19,2
DA:23,2
DA:25,1
DA:26,2
DA:31,8
DA:38,2
DA:40,1
DA:41,1
DA:42,1
DA:43,1
DA:44,1
DA:45,2
DA:49,21
DA:51,7
DA:61,1
DA:62,5
DA:64,2
DA:66,2
DA:72,2
DA:73,1
DA:74,2
DA:75,2
DA:76,1
LF:26
LH:26
end_of_record
SF:lib/weather/models/weather.g.dart
DA:9,2
DA:12,1
DA:13,1
DA:14,3
DA:20,1
DA:21,1
DA:22,1
DA:25,2
DA:28,1
DA:29,1
DA:30,1
DA:31,2
DA:32,1
DA:33,2
DA:34,2
DA:35,1
DA:36,2
DA:43,2
DA:44,2
DA:45,2
DA:46,1
DA:47,2
LF:22
LH:22
end_of_record
SF:lib/routes/go_router.dart
DA:7,2
DA:9,1
DA:10,1
DA:13,1
DA:14,1
DA:15,1
DA:18,1
DA:20,1
DA:23,1
LF:9
LH:9
end_of_record
SF:lib/search/view/search_page.dart
DA:7,13
DA:9,2
DA:10,2
DA:16,3
DA:18,2
DA:20,4
DA:21,2
DA:24,2
DA:26,2
DA:27,2
DA:28,2
DA:29,2
DA:30,2
DA:31,2
DA:33,2
DA:34,2
DA:42,2
DA:45,1
DA:46,3
DA:47,1
LF:20
LH:20
end_of_record
SF:lib/settings/view/settings_page.dart
DA:7,13
DA:9,2
DA:11,2
DA:12,2
LF:4
LH:4
end_of_record
SF:lib/settings/view/settings_view.dart
DA:6,13
DA:8,1
DA:10,3
DA:12,3
DA:13,3
DA:14,3
DA:17,3
DA:18,3
DA:19,3
DA:20,3
DA:21,3
DA:22,3
DA:23,3
DA:29,3
DA:30,3
DA:31,6
DA:32,3
LF:17
LH:17
end_of_record
SF:lib/weather/cubit/weather_cubit.dart
DA:11,3
DA:15,1
DA:16,1
DA:18,3
DA:21,1
DA:22,2
DA:24,2
DA:25,6
DA:27,1
DA:28,2
DA:31,2
DA:34,1
DA:35,3
DA:39,1
DA:40,3
DA:41,4
DA:43,1
DA:44,5
DA:46,2
DA:47,6
DA:49,1
DA:50,2
DA:53,2
DA:56,1
DA:57,2
DA:61,1
DA:62,3
DA:64,3
DA:65,3
DA:69,2
DA:70,2
DA:71,1
DA:72,5
DA:73,1
DA:74,2
DA:76,2
DA:82,1
DA:83,1
DA:85,1
DA:86,1
DA:90,4
DA:91,4
LF:42
LH:42
end_of_record
SF:lib/weather/cubit/weather_state.dart
DA:6,4
DA:11,7
DA:15,7
DA:17,2
DA:23,1
DA:28,1
DA:29,1
DA:30,1
DA:31,1
DA:35,2
DA:37,1
DA:38,4
LF:12
LH:12
end_of_record
SF:lib/weather/cubit/weather_cubit.g.dart
DA:9,1
DA:10,1
DA:13,1
DA:14,1
DA:15,1
DA:17,1
DA:18,1
DA:20,1
DA:22,1
DA:23,1
DA:25,1
DA:27,1
DA:29,1
DA:36,1
DA:37,1
DA:38,2
DA:39,2
DA:41,2
LF:18
LH:18
end_of_record
SF:lib/weather/view/weather_page.dart
DA:7,13
DA:9,2
DA:11,2
DA:12,2
DA:13,2
LF:5
LH:5
end_of_record
SF:lib/weather/view/weather_view.dart
DA:9,3
DA:11,3
DA:12,3
DA:16,3
DA:18,3
DA:19,3
DA:21,3
DA:22,3
DA:23,3
DA:25,1
DA:26,1
DA:31,3
DA:32,3
DA:33,1
DA:34,2
DA:35,3
DA:38,3
DA:39,3
DA:40,3
DA:44,1
DA:48,1
DA:49,1
DA:50,1
DA:51,1
DA:52,1
DA:53,1
DA:54,2
DA:57,1
DA:65,3
DA:66,3
DA:68,1
DA:69,1
LF:32
LH:32
end_of_record
SF:lib/weather/widgets/weather_empty.dart
DA:4,13
DA:6,4
DA:8,4
DA:9,4
DA:11,4
DA:13,4
DA:14,4
DA:16,8
LF:8
LH:8
end_of_record
SF:lib/weather/widgets/weather_error.dart
DA:4,13
DA:6,2
DA:8,2
DA:9,2
DA:11,2
DA:13,2
DA:15,4
LF:7
LH:7
end_of_record
SF:lib/weather/widgets/weather_loading.dart
DA:4,13
DA:6,2
DA:8,2
DA:9,2
DA:11,2
DA:13,2
DA:14,2
DA:16,4
LF:8
LH:8
end_of_record
SF:lib/weather/widgets/weather_populated.dart
DA:7,2
DA:18,2
DA:20,2
DA:21,2
DA:22,2
DA:23,2
DA:24,2
DA:25,2
DA:26,2
DA:29,2
DA:30,2
DA:31,2
DA:33,6
DA:34,2
DA:35,4
DA:36,6
DA:40,2
DA:41,6
DA:42,6
DA:46,2
DA:47,10
DA:60,2
DA:66,2
DA:68,2
DA:69,2
DA:70,4
DA:77,2
DA:79,2
DA:81,2
DA:83,2
DA:85,2
DA:87,2
DA:94,2
DA:96,4
DA:97,2
DA:98,2
DA:99,2
DA:100,2
DA:104,2
DA:106,2
DA:107,2
DA:108,2
DA:118,2
DA:120,6
DA:123,2
DA:124,2
DA:125,2
DA:126,12
DA:127,12
DA:128,12
DA:134,2
DA:135,10
LF:52
LH:52
end_of_record
